2016-08-15 11:24:27,402 [Worker-0] INFO  c.g.t.t.d.PublishedGradleVersions - Gradle version information cache is not available. Remote download required.
2016-08-15 11:28:09,937 [Worker-4] INFO  c.g.t.t.d.PublishedGradleVersions - Gradle version information cache is up-to-date. Trying to read.
2016-08-15 11:34:36,121 [Worker-3] INFO  c.g.t.t.d.PublishedGradleVersions - Gradle version information cache is up-to-date. Trying to read.
2016-08-15 13:19:12,115 [Worker-3] INFO  c.g.t.t.d.PublishedGradleVersions - Gradle version information cache is up-to-date. Trying to read.
2016-08-15 13:23:57,234 [Worker-1] INFO  c.g.t.t.d.PublishedGradleVersions - Gradle version information cache is up-to-date. Trying to read.
2016-08-15 13:31:51,181 [Worker-2] INFO  c.g.t.t.d.PublishedGradleVersions - Gradle version information cache is up-to-date. Trying to read.
2016-08-15 14:27:34,924 [Worker-1] INFO  c.g.t.t.d.PublishedGradleVersions - Gradle version information cache is up-to-date. Trying to read.
2016-08-15 14:31:14,676 [Start Help Server] INFO  org.eclipse.jetty.util.log - Logging initialized @263433ms
2016-08-15 14:31:14,920 [Start Help Server] INFO  org.eclipse.jetty.server.Server - jetty-9.3.9.v20160517
2016-08-15 14:31:15,062 [Start Help Server] INFO  o.e.j.server.handler.ContextHandler - Started o.e.j.s.ServletContextHandler@21685e06{/help,null,AVAILABLE}
2016-08-15 14:31:15,089 [Start Help Server] INFO  o.e.jetty.server.AbstractConnector - Started ServerConnector@2583da20{HTTP/1.1,[http/1.1]}{127.0.0.1:53691}
2016-08-15 14:31:15,089 [Start Help Server] INFO  org.eclipse.jetty.server.Server - Started @263847ms
2016-08-15 15:59:55,009 [Stop Help Server] INFO  o.e.jetty.server.AbstractConnector - Stopped ServerConnector@2583da20{HTTP/1.1,[http/1.1]}{127.0.0.1:0}
2016-08-15 15:59:55,059 [Stop Help Server] INFO  o.e.j.server.handler.ContextHandler - Stopped o.e.j.s.ServletContextHandler@21685e06{/help,null,UNAVAILABLE}
2016-08-15 19:53:58,510 [Worker-1] INFO  c.g.t.t.d.PublishedGradleVersions - Gradle version information cache is up-to-date. Trying to read.
2016-08-15 20:49:47,334 [Start Help Server] INFO  org.eclipse.jetty.util.log - Logging initialized @3365768ms
2016-08-15 20:49:47,466 [Start Help Server] INFO  org.eclipse.jetty.server.Server - jetty-9.3.9.v20160517
2016-08-15 20:49:47,559 [Start Help Server] INFO  o.e.j.server.handler.ContextHandler - Started o.e.j.s.ServletContextHandler@78f2743b{/help,null,AVAILABLE}
2016-08-15 20:49:47,572 [Start Help Server] INFO  o.e.jetty.server.AbstractConnector - Started ServerConnector@46490a71{HTTP/1.1,[http/1.1]}{127.0.0.1:58396}
2016-08-15 20:49:47,573 [Start Help Server] INFO  org.eclipse.jetty.server.Server - Started @3366006ms
2016-08-17 21:16:50,426 [Stop Help Server] INFO  o.e.jetty.server.AbstractConnector - Stopped ServerConnector@46490a71{HTTP/1.1,[http/1.1]}{127.0.0.1:0}
2016-08-17 21:16:50,519 [Stop Help Server] INFO  o.e.j.server.handler.ContextHandler - Stopped o.e.j.s.ServletContextHandler@78f2743b{/help,null,UNAVAILABLE}
2016-08-18 08:18:11,923 [Worker-0] INFO  c.g.t.t.d.PublishedGradleVersions - Gradle version information cache is out-of-date. Trying to update.
2016-08-18 08:32:43,084 [Worker-0] INFO  c.g.t.t.d.PublishedGradleVersions - Gradle version information cache is up-to-date. Trying to read.
2016-08-18 14:12:27,915 [Worker-2] INFO  c.g.t.t.d.PublishedGradleVersions - Gradle version information cache is up-to-date. Trying to read.
2016-08-20 10:54:14,657 [Worker-2] INFO  c.g.t.t.d.PublishedGradleVersions - Gradle version information cache is out-of-date. Trying to update.
